<?xml version="1.0" encoding="UTF-8"?>
<testsuite xmlns:xsi="http://www.w3.org/2001/XMLSchema-instance" xsi:noNamespaceSchemaLocation="https://maven.apache.org/surefire/maven-surefire-plugin/xsd/surefire-test-report-3.0.xsd" version="3.0" name="com.fabrick.demo.test.ApplicationTests" time="12.161" tests="3" errors="0" skipped="0" failures="0">
  <properties>
    <property name="java.specification.version" value="21"/>
    <property name="sun.cpu.isalist" value="amd64"/>
    <property name="sun.jnu.encoding" value="Cp1252"/>
    <property name="java.class.path" value="C:\Users\lorparisi\Desktop\ex_fabrik\demo\target\test-classes;C:\Users\lorparisi\Desktop\ex_fabrik\demo\target\classes;C:\Users\lorparisi\.m2\repository\org\springframework\boot\spring-boot-starter-data-jdbc\3.3.1-SNAPSHOT\spring-boot-starter-data-jdbc-3.3.1-SNAPSHOT.jar;C:\Users\lorparisi\.m2\repository\org\springframework\boot\spring-boot-starter-jdbc\3.3.1-SNAPSHOT\spring-boot-starter-jdbc-3.3.1-SNAPSHOT.jar;C:\Users\lorparisi\.m2\repository\com\zaxxer\HikariCP\5.1.0\HikariCP-5.1.0.jar;C:\Users\lorparisi\.m2\repository\org\springframework\spring-jdbc\6.1.8\spring-jdbc-6.1.8.jar;C:\Users\lorparisi\.m2\repository\org\springframework\data\spring-data-jdbc\3.3.0\spring-data-jdbc-3.3.0.jar;C:\Users\lorparisi\.m2\repository\org\springframework\data\spring-data-relational\3.3.0\spring-data-relational-3.3.0.jar;C:\Users\lorparisi\.m2\repository\com\github\jsqlparser\jsqlparser\4.6\jsqlparser-4.6.jar;C:\Users\lorparisi\.m2\repository\org\springframework\data\spring-data-commons\3.3.0\spring-data-commons-3.3.0.jar;C:\Users\lorparisi\.m2\repository\org\springframework\spring-tx\6.1.8\spring-tx-6.1.8.jar;C:\Users\lorparisi\.m2\repository\org\springframework\spring-context\6.1.8\spring-context-6.1.8.jar;C:\Users\lorparisi\.m2\repository\org\springframework\spring-beans\6.1.8\spring-beans-6.1.8.jar;C:\Users\lorparisi\.m2\repository\org\slf4j\slf4j-api\2.0.13\slf4j-api-2.0.13.jar;C:\Users\lorparisi\.m2\repository\org\springframework\boot\spring-boot-starter-data-jpa\3.3.1-SNAPSHOT\spring-boot-starter-data-jpa-3.3.1-SNAPSHOT.jar;C:\Users\lorparisi\.m2\repository\org\springframework\boot\spring-boot-starter-aop\3.3.1-SNAPSHOT\spring-boot-starter-aop-3.3.1-SNAPSHOT.jar;C:\Users\lorparisi\.m2\repository\org\springframework\spring-aop\6.1.8\spring-aop-6.1.8.jar;C:\Users\lorparisi\.m2\repository\org\aspectj\aspectjweaver\1.9.22\aspectjweaver-1.9.22.jar;C:\Users\lorparisi\.m2\repository\org\hibernate\orm\hibernate-core\6.5.2.Final\hibernate-core-6.5.2.Final.jar;C:\Users\lorparisi\.m2\repository\jakarta\persistence\jakarta.persistence-api\3.1.0\jakarta.persistence-api-3.1.0.jar;C:\Users\lorparisi\.m2\repository\jakarta\transaction\jakarta.transaction-api\2.0.1\jakarta.transaction-api-2.0.1.jar;C:\Users\lorparisi\.m2\repository\org\jboss\logging\jboss-logging\3.5.3.Final\jboss-logging-3.5.3.Final.jar;C:\Users\lorparisi\.m2\repository\org\hibernate\common\hibernate-commons-annotations\6.0.6.Final\hibernate-commons-annotations-6.0.6.Final.jar;C:\Users\lorparisi\.m2\repository\io\smallrye\jandex\3.1.2\jandex-3.1.2.jar;C:\Users\lorparisi\.m2\repository\com\fasterxml\classmate\1.7.0\classmate-1.7.0.jar;C:\Users\lorparisi\.m2\repository\net\bytebuddy\byte-buddy\1.14.16\byte-buddy-1.14.16.jar;C:\Users\lorparisi\.m2\repository\org\glassfish\jaxb\jaxb-runtime\4.0.5\jaxb-runtime-4.0.5.jar;C:\Users\lorparisi\.m2\repository\org\glassfish\jaxb\jaxb-core\4.0.5\jaxb-core-4.0.5.jar;C:\Users\lorparisi\.m2\repository\org\eclipse\angus\angus-activation\2.0.2\angus-activation-2.0.2.jar;C:\Users\lorparisi\.m2\repository\org\glassfish\jaxb\txw2\4.0.5\txw2-4.0.5.jar;C:\Users\lorparisi\.m2\repository\com\sun\istack\istack-commons-runtime\4.1.2\istack-commons-runtime-4.1.2.jar;C:\Users\lorparisi\.m2\repository\jakarta\inject\jakarta.inject-api\2.0.1\jakarta.inject-api-2.0.1.jar;C:\Users\lorparisi\.m2\repository\org\antlr\antlr4-runtime\4.13.0\antlr4-runtime-4.13.0.jar;C:\Users\lorparisi\.m2\repository\org\springframework\data\spring-data-jpa\3.3.0\spring-data-jpa-3.3.0.jar;C:\Users\lorparisi\.m2\repository\org\springframework\spring-orm\6.1.8\spring-orm-6.1.8.jar;C:\Users\lorparisi\.m2\repository\jakarta\annotation\jakarta.annotation-api\2.1.1\jakarta.annotation-api-2.1.1.jar;C:\Users\lorparisi\.m2\repository\org\springframework\spring-aspects\6.1.8\spring-aspects-6.1.8.jar;C:\Users\lorparisi\.m2\repository\org\springframework\boot\spring-boot-starter-data-rest\3.3.1-SNAPSHOT\spring-boot-starter-data-rest-3.3.1-SNAPSHOT.jar;C:\Users\lorparisi\.m2\repository\org\springframework\data\spring-data-rest-webmvc\4.3.0\spring-data-rest-webmvc-4.3.0.jar;C:\Users\lorparisi\.m2\repository\org\springframework\data\spring-data-rest-core\4.3.0\spring-data-rest-core-4.3.0.jar;C:\Users\lorparisi\.m2\repository\org\springframework\hateoas\spring-hateoas\2.3.0\spring-hateoas-2.3.0.jar;C:\Users\lorparisi\.m2\repository\org\springframework\plugin\spring-plugin-core\3.0.0\spring-plugin-core-3.0.0.jar;C:\Users\lorparisi\.m2\repository\org\atteo\evo-inflector\1.3\evo-inflector-1.3.jar;C:\Users\lorparisi\.m2\repository\com\fasterxml\jackson\core\jackson-databind\2.17.1\jackson-databind-2.17.1.jar;C:\Users\lorparisi\.m2\repository\com\fasterxml\jackson\core\jackson-core\2.17.1\jackson-core-2.17.1.jar;C:\Users\lorparisi\.m2\repository\com\fasterxml\jackson\core\jackson-annotations\2.17.1\jackson-annotations-2.17.1.jar;C:\Users\lorparisi\.m2\repository\org\springframework\boot\spring-boot-starter-web\3.3.1-SNAPSHOT\spring-boot-starter-web-3.3.1-SNAPSHOT.jar;C:\Users\lorparisi\.m2\repository\org\springframework\boot\spring-boot-starter\3.3.1-SNAPSHOT\spring-boot-starter-3.3.1-SNAPSHOT.jar;C:\Users\lorparisi\.m2\repository\org\springframework\boot\spring-boot\3.3.1-SNAPSHOT\spring-boot-3.3.1-SNAPSHOT.jar;C:\Users\lorparisi\.m2\repository\org\springframework\boot\spring-boot-autoconfigure\3.3.1-SNAPSHOT\spring-boot-autoconfigure-3.3.1-SNAPSHOT.jar;C:\Users\lorparisi\.m2\repository\org\springframework\boot\spring-boot-starter-logging\3.3.1-SNAPSHOT\spring-boot-starter-logging-3.3.1-SNAPSHOT.jar;C:\Users\lorparisi\.m2\repository\ch\qos\logback\logback-classic\1.5.6\logback-classic-1.5.6.jar;C:\Users\lorparisi\.m2\repository\ch\qos\logback\logback-core\1.5.6\logback-core-1.5.6.jar;C:\Users\lorparisi\.m2\repository\org\apache\logging\log4j\log4j-to-slf4j\2.23.1\log4j-to-slf4j-2.23.1.jar;C:\Users\lorparisi\.m2\repository\org\apache\logging\log4j\log4j-api\2.23.1\log4j-api-2.23.1.jar;C:\Users\lorparisi\.m2\repository\org\slf4j\jul-to-slf4j\2.0.13\jul-to-slf4j-2.0.13.jar;C:\Users\lorparisi\.m2\repository\org\yaml\snakeyaml\2.2\snakeyaml-2.2.jar;C:\Users\lorparisi\.m2\repository\org\springframework\boot\spring-boot-starter-json\3.3.1-SNAPSHOT\spring-boot-starter-json-3.3.1-SNAPSHOT.jar;C:\Users\lorparisi\.m2\repository\com\fasterxml\jackson\datatype\jackson-datatype-jdk8\2.17.1\jackson-datatype-jdk8-2.17.1.jar;C:\Users\lorparisi\.m2\repository\com\fasterxml\jackson\datatype\jackson-datatype-jsr310\2.17.1\jackson-datatype-jsr310-2.17.1.jar;C:\Users\lorparisi\.m2\repository\com\fasterxml\jackson\module\jackson-module-parameter-names\2.17.1\jackson-module-parameter-names-2.17.1.jar;C:\Users\lorparisi\.m2\repository\org\springframework\boot\spring-boot-starter-tomcat\3.3.1-SNAPSHOT\spring-boot-starter-tomcat-3.3.1-SNAPSHOT.jar;C:\Users\lorparisi\.m2\repository\org\apache\tomcat\embed\tomcat-embed-core\10.1.24\tomcat-embed-core-10.1.24.jar;C:\Users\lorparisi\.m2\repository\org\apache\tomcat\embed\tomcat-embed-el\10.1.24\tomcat-embed-el-10.1.24.jar;C:\Users\lorparisi\.m2\repository\org\apache\tomcat\embed\tomcat-embed-websocket\10.1.24\tomcat-embed-websocket-10.1.24.jar;C:\Users\lorparisi\.m2\repository\org\springframework\spring-web\6.1.8\spring-web-6.1.8.jar;C:\Users\lorparisi\.m2\repository\io\micrometer\micrometer-observation\1.13.0\micrometer-observation-1.13.0.jar;C:\Users\lorparisi\.m2\repository\io\micrometer\micrometer-commons\1.13.0\micrometer-commons-1.13.0.jar;C:\Users\lorparisi\.m2\repository\org\springframework\spring-webmvc\6.1.8\spring-webmvc-6.1.8.jar;C:\Users\lorparisi\.m2\repository\org\springframework\spring-expression\6.1.8\spring-expression-6.1.8.jar;C:\Users\lorparisi\.m2\repository\com\h2database\h2\2.2.224\h2-2.2.224.jar;C:\Users\lorparisi\.m2\repository\org\mapstruct\mapstruct\1.5.5.Final\mapstruct-1.5.5.Final.jar;C:\Users\lorparisi\.m2\repository\org\mapstruct\mapstruct-processor\1.5.5.Final\mapstruct-processor-1.5.5.Final.jar;C:\Users\lorparisi\.m2\repository\org\springframework\boot\spring-boot-configuration-processor\3.3.1-SNAPSHOT\spring-boot-configuration-processor-3.3.1-SNAPSHOT.jar;C:\Users\lorparisi\.m2\repository\org\projectlombok\lombok\1.18.32\lombok-1.18.32.jar;C:\Users\lorparisi\.m2\repository\org\springframework\boot\spring-boot-starter-test\3.3.1-SNAPSHOT\spring-boot-starter-test-3.3.1-SNAPSHOT.jar;C:\Users\lorparisi\.m2\repository\org\springframework\boot\spring-boot-test\3.3.1-SNAPSHOT\spring-boot-test-3.3.1-SNAPSHOT.jar;C:\Users\lorparisi\.m2\repository\org\springframework\boot\spring-boot-test-autoconfigure\3.3.1-SNAPSHOT\spring-boot-test-autoconfigure-3.3.1-SNAPSHOT.jar;C:\Users\lorparisi\.m2\repository\com\jayway\jsonpath\json-path\2.9.0\json-path-2.9.0.jar;C:\Users\lorparisi\.m2\repository\jakarta\xml\bind\jakarta.xml.bind-api\4.0.2\jakarta.xml.bind-api-4.0.2.jar;C:\Users\lorparisi\.m2\repository\jakarta\activation\jakarta.activation-api\2.1.3\jakarta.activation-api-2.1.3.jar;C:\Users\lorparisi\.m2\repository\net\minidev\json-smart\2.5.1\json-smart-2.5.1.jar;C:\Users\lorparisi\.m2\repository\net\minidev\accessors-smart\2.5.1\accessors-smart-2.5.1.jar;C:\Users\lorparisi\.m2\repository\org\ow2\asm\asm\9.6\asm-9.6.jar;C:\Users\lorparisi\.m2\repository\org\assertj\assertj-core\3.25.3\assertj-core-3.25.3.jar;C:\Users\lorparisi\.m2\repository\org\awaitility\awaitility\4.2.1\awaitility-4.2.1.jar;C:\Users\lorparisi\.m2\repository\org\hamcrest\hamcrest\2.2\hamcrest-2.2.jar;C:\Users\lorparisi\.m2\repository\org\junit\jupiter\junit-jupiter\5.10.2\junit-jupiter-5.10.2.jar;C:\Users\lorparisi\.m2\repository\org\junit\jupiter\junit-jupiter-api\5.10.2\junit-jupiter-api-5.10.2.jar;C:\Users\lorparisi\.m2\repository\org\opentest4j\opentest4j\1.3.0\opentest4j-1.3.0.jar;C:\Users\lorparisi\.m2\repository\org\junit\platform\junit-platform-commons\1.10.2\junit-platform-commons-1.10.2.jar;C:\Users\lorparisi\.m2\repository\org\apiguardian\apiguardian-api\1.1.2\apiguardian-api-1.1.2.jar;C:\Users\lorparisi\.m2\repository\org\junit\jupiter\junit-jupiter-params\5.10.2\junit-jupiter-params-5.10.2.jar;C:\Users\lorparisi\.m2\repository\org\junit\jupiter\junit-jupiter-engine\5.10.2\junit-jupiter-engine-5.10.2.jar;C:\Users\lorparisi\.m2\repository\org\junit\platform\junit-platform-engine\1.10.2\junit-platform-engine-1.10.2.jar;C:\Users\lorparisi\.m2\repository\org\mockito\mockito-core\5.11.0\mockito-core-5.11.0.jar;C:\Users\lorparisi\.m2\repository\net\bytebuddy\byte-buddy-agent\1.14.16\byte-buddy-agent-1.14.16.jar;C:\Users\lorparisi\.m2\repository\org\objenesis\objenesis\3.3\objenesis-3.3.jar;C:\Users\lorparisi\.m2\repository\org\mockito\mockito-junit-jupiter\5.11.0\mockito-junit-jupiter-5.11.0.jar;C:\Users\lorparisi\.m2\repository\org\skyscreamer\jsonassert\1.5.1\jsonassert-1.5.1.jar;C:\Users\lorparisi\.m2\repository\com\vaadin\external\google\android-json\0.0.20131108.vaadin1\android-json-0.0.20131108.vaadin1.jar;C:\Users\lorparisi\.m2\repository\org\springframework\spring-core\6.1.8\spring-core-6.1.8.jar;C:\Users\lorparisi\.m2\repository\org\springframework\spring-jcl\6.1.8\spring-jcl-6.1.8.jar;C:\Users\lorparisi\.m2\repository\org\springframework\spring-test\6.1.8\spring-test-6.1.8.jar;C:\Users\lorparisi\.m2\repository\org\xmlunit\xmlunit-core\2.9.1\xmlunit-core-2.9.1.jar;"/>
    <property name="java.vm.vendor" value="Oracle Corporation"/>
    <property name="sun.arch.data.model" value="64"/>
    <property name="user.variant" value=""/>
    <property name="java.vendor.url" value="https://java.oracle.com/"/>
    <property name="user.timezone" value="Europe/Rome"/>
    <property name="org.jboss.logging.provider" value="slf4j"/>
    <property name="os.name" value="Windows 10"/>
    <property name="java.vm.specification.version" value="21"/>
    <property name="sun.java.launcher" value="SUN_STANDARD"/>
    <property name="user.country" value="IT"/>
    <property name="sun.boot.library.path" value="C:\Program Files\Java\jdk-21.0.3\bin"/>
    <property name="sun.java.command" value="C:\Users\lorparisi\AppData\Local\Temp\surefire5840711447210322064\surefirebooter-20240604223552600_3.jar C:\Users\lorparisi\AppData\Local\Temp\surefire5840711447210322064 2024-06-04T22-35-52_192-jvmRun1 surefire-20240604223552600_1tmp surefire_0-20240604223552600_2tmp"/>
    <property name="jdk.debug" value="release"/>
    <property name="surefire.test.class.path" value="C:\Users\lorparisi\Desktop\ex_fabrik\demo\target\test-classes;C:\Users\lorparisi\Desktop\ex_fabrik\demo\target\classes;C:\Users\lorparisi\.m2\repository\org\springframework\boot\spring-boot-starter-data-jdbc\3.3.1-SNAPSHOT\spring-boot-starter-data-jdbc-3.3.1-SNAPSHOT.jar;C:\Users\lorparisi\.m2\repository\org\springframework\boot\spring-boot-starter-jdbc\3.3.1-SNAPSHOT\spring-boot-starter-jdbc-3.3.1-SNAPSHOT.jar;C:\Users\lorparisi\.m2\repository\com\zaxxer\HikariCP\5.1.0\HikariCP-5.1.0.jar;C:\Users\lorparisi\.m2\repository\org\springframework\spring-jdbc\6.1.8\spring-jdbc-6.1.8.jar;C:\Users\lorparisi\.m2\repository\org\springframework\data\spring-data-jdbc\3.3.0\spring-data-jdbc-3.3.0.jar;C:\Users\lorparisi\.m2\repository\org\springframework\data\spring-data-relational\3.3.0\spring-data-relational-3.3.0.jar;C:\Users\lorparisi\.m2\repository\com\github\jsqlparser\jsqlparser\4.6\jsqlparser-4.6.jar;C:\Users\lorparisi\.m2\repository\org\springframework\data\spring-data-commons\3.3.0\spring-data-commons-3.3.0.jar;C:\Users\lorparisi\.m2\repository\org\springframework\spring-tx\6.1.8\spring-tx-6.1.8.jar;C:\Users\lorparisi\.m2\repository\org\springframework\spring-context\6.1.8\spring-context-6.1.8.jar;C:\Users\lorparisi\.m2\repository\org\springframework\spring-beans\6.1.8\spring-beans-6.1.8.jar;C:\Users\lorparisi\.m2\repository\org\slf4j\slf4j-api\2.0.13\slf4j-api-2.0.13.jar;C:\Users\lorparisi\.m2\repository\org\springframework\boot\spring-boot-starter-data-jpa\3.3.1-SNAPSHOT\spring-boot-starter-data-jpa-3.3.1-SNAPSHOT.jar;C:\Users\lorparisi\.m2\repository\org\springframework\boot\spring-boot-starter-aop\3.3.1-SNAPSHOT\spring-boot-starter-aop-3.3.1-SNAPSHOT.jar;C:\Users\lorparisi\.m2\repository\org\springframework\spring-aop\6.1.8\spring-aop-6.1.8.jar;C:\Users\lorparisi\.m2\repository\org\aspectj\aspectjweaver\1.9.22\aspectjweaver-1.9.22.jar;C:\Users\lorparisi\.m2\repository\org\hibernate\orm\hibernate-core\6.5.2.Final\hibernate-core-6.5.2.Final.jar;C:\Users\lorparisi\.m2\repository\jakarta\persistence\jakarta.persistence-api\3.1.0\jakarta.persistence-api-3.1.0.jar;C:\Users\lorparisi\.m2\repository\jakarta\transaction\jakarta.transaction-api\2.0.1\jakarta.transaction-api-2.0.1.jar;C:\Users\lorparisi\.m2\repository\org\jboss\logging\jboss-logging\3.5.3.Final\jboss-logging-3.5.3.Final.jar;C:\Users\lorparisi\.m2\repository\org\hibernate\common\hibernate-commons-annotations\6.0.6.Final\hibernate-commons-annotations-6.0.6.Final.jar;C:\Users\lorparisi\.m2\repository\io\smallrye\jandex\3.1.2\jandex-3.1.2.jar;C:\Users\lorparisi\.m2\repository\com\fasterxml\classmate\1.7.0\classmate-1.7.0.jar;C:\Users\lorparisi\.m2\repository\net\bytebuddy\byte-buddy\1.14.16\byte-buddy-1.14.16.jar;C:\Users\lorparisi\.m2\repository\org\glassfish\jaxb\jaxb-runtime\4.0.5\jaxb-runtime-4.0.5.jar;C:\Users\lorparisi\.m2\repository\org\glassfish\jaxb\jaxb-core\4.0.5\jaxb-core-4.0.5.jar;C:\Users\lorparisi\.m2\repository\org\eclipse\angus\angus-activation\2.0.2\angus-activation-2.0.2.jar;C:\Users\lorparisi\.m2\repository\org\glassfish\jaxb\txw2\4.0.5\txw2-4.0.5.jar;C:\Users\lorparisi\.m2\repository\com\sun\istack\istack-commons-runtime\4.1.2\istack-commons-runtime-4.1.2.jar;C:\Users\lorparisi\.m2\repository\jakarta\inject\jakarta.inject-api\2.0.1\jakarta.inject-api-2.0.1.jar;C:\Users\lorparisi\.m2\repository\org\antlr\antlr4-runtime\4.13.0\antlr4-runtime-4.13.0.jar;C:\Users\lorparisi\.m2\repository\org\springframework\data\spring-data-jpa\3.3.0\spring-data-jpa-3.3.0.jar;C:\Users\lorparisi\.m2\repository\org\springframework\spring-orm\6.1.8\spring-orm-6.1.8.jar;C:\Users\lorparisi\.m2\repository\jakarta\annotation\jakarta.annotation-api\2.1.1\jakarta.annotation-api-2.1.1.jar;C:\Users\lorparisi\.m2\repository\org\springframework\spring-aspects\6.1.8\spring-aspects-6.1.8.jar;C:\Users\lorparisi\.m2\repository\org\springframework\boot\spring-boot-starter-data-rest\3.3.1-SNAPSHOT\spring-boot-starter-data-rest-3.3.1-SNAPSHOT.jar;C:\Users\lorparisi\.m2\repository\org\springframework\data\spring-data-rest-webmvc\4.3.0\spring-data-rest-webmvc-4.3.0.jar;C:\Users\lorparisi\.m2\repository\org\springframework\data\spring-data-rest-core\4.3.0\spring-data-rest-core-4.3.0.jar;C:\Users\lorparisi\.m2\repository\org\springframework\hateoas\spring-hateoas\2.3.0\spring-hateoas-2.3.0.jar;C:\Users\lorparisi\.m2\repository\org\springframework\plugin\spring-plugin-core\3.0.0\spring-plugin-core-3.0.0.jar;C:\Users\lorparisi\.m2\repository\org\atteo\evo-inflector\1.3\evo-inflector-1.3.jar;C:\Users\lorparisi\.m2\repository\com\fasterxml\jackson\core\jackson-databind\2.17.1\jackson-databind-2.17.1.jar;C:\Users\lorparisi\.m2\repository\com\fasterxml\jackson\core\jackson-core\2.17.1\jackson-core-2.17.1.jar;C:\Users\lorparisi\.m2\repository\com\fasterxml\jackson\core\jackson-annotations\2.17.1\jackson-annotations-2.17.1.jar;C:\Users\lorparisi\.m2\repository\org\springframework\boot\spring-boot-starter-web\3.3.1-SNAPSHOT\spring-boot-starter-web-3.3.1-SNAPSHOT.jar;C:\Users\lorparisi\.m2\repository\org\springframework\boot\spring-boot-starter\3.3.1-SNAPSHOT\spring-boot-starter-3.3.1-SNAPSHOT.jar;C:\Users\lorparisi\.m2\repository\org\springframework\boot\spring-boot\3.3.1-SNAPSHOT\spring-boot-3.3.1-SNAPSHOT.jar;C:\Users\lorparisi\.m2\repository\org\springframework\boot\spring-boot-autoconfigure\3.3.1-SNAPSHOT\spring-boot-autoconfigure-3.3.1-SNAPSHOT.jar;C:\Users\lorparisi\.m2\repository\org\springframework\boot\spring-boot-starter-logging\3.3.1-SNAPSHOT\spring-boot-starter-logging-3.3.1-SNAPSHOT.jar;C:\Users\lorparisi\.m2\repository\ch\qos\logback\logback-classic\1.5.6\logback-classic-1.5.6.jar;C:\Users\lorparisi\.m2\repository\ch\qos\logback\logback-core\1.5.6\logback-core-1.5.6.jar;C:\Users\lorparisi\.m2\repository\org\apache\logging\log4j\log4j-to-slf4j\2.23.1\log4j-to-slf4j-2.23.1.jar;C:\Users\lorparisi\.m2\repository\org\apache\logging\log4j\log4j-api\2.23.1\log4j-api-2.23.1.jar;C:\Users\lorparisi\.m2\repository\org\slf4j\jul-to-slf4j\2.0.13\jul-to-slf4j-2.0.13.jar;C:\Users\lorparisi\.m2\repository\org\yaml\snakeyaml\2.2\snakeyaml-2.2.jar;C:\Users\lorparisi\.m2\repository\org\springframework\boot\spring-boot-starter-json\3.3.1-SNAPSHOT\spring-boot-starter-json-3.3.1-SNAPSHOT.jar;C:\Users\lorparisi\.m2\repository\com\fasterxml\jackson\datatype\jackson-datatype-jdk8\2.17.1\jackson-datatype-jdk8-2.17.1.jar;C:\Users\lorparisi\.m2\repository\com\fasterxml\jackson\datatype\jackson-datatype-jsr310\2.17.1\jackson-datatype-jsr310-2.17.1.jar;C:\Users\lorparisi\.m2\repository\com\fasterxml\jackson\module\jackson-module-parameter-names\2.17.1\jackson-module-parameter-names-2.17.1.jar;C:\Users\lorparisi\.m2\repository\org\springframework\boot\spring-boot-starter-tomcat\3.3.1-SNAPSHOT\spring-boot-starter-tomcat-3.3.1-SNAPSHOT.jar;C:\Users\lorparisi\.m2\repository\org\apache\tomcat\embed\tomcat-embed-core\10.1.24\tomcat-embed-core-10.1.24.jar;C:\Users\lorparisi\.m2\repository\org\apache\tomcat\embed\tomcat-embed-el\10.1.24\tomcat-embed-el-10.1.24.jar;C:\Users\lorparisi\.m2\repository\org\apache\tomcat\embed\tomcat-embed-websocket\10.1.24\tomcat-embed-websocket-10.1.24.jar;C:\Users\lorparisi\.m2\repository\org\springframework\spring-web\6.1.8\spring-web-6.1.8.jar;C:\Users\lorparisi\.m2\repository\io\micrometer\micrometer-observation\1.13.0\micrometer-observation-1.13.0.jar;C:\Users\lorparisi\.m2\repository\io\micrometer\micrometer-commons\1.13.0\micrometer-commons-1.13.0.jar;C:\Users\lorparisi\.m2\repository\org\springframework\spring-webmvc\6.1.8\spring-webmvc-6.1.8.jar;C:\Users\lorparisi\.m2\repository\org\springframework\spring-expression\6.1.8\spring-expression-6.1.8.jar;C:\Users\lorparisi\.m2\repository\com\h2database\h2\2.2.224\h2-2.2.224.jar;C:\Users\lorparisi\.m2\repository\org\mapstruct\mapstruct\1.5.5.Final\mapstruct-1.5.5.Final.jar;C:\Users\lorparisi\.m2\repository\org\mapstruct\mapstruct-processor\1.5.5.Final\mapstruct-processor-1.5.5.Final.jar;C:\Users\lorparisi\.m2\repository\org\springframework\boot\spring-boot-configuration-processor\3.3.1-SNAPSHOT\spring-boot-configuration-processor-3.3.1-SNAPSHOT.jar;C:\Users\lorparisi\.m2\repository\org\projectlombok\lombok\1.18.32\lombok-1.18.32.jar;C:\Users\lorparisi\.m2\repository\org\springframework\boot\spring-boot-starter-test\3.3.1-SNAPSHOT\spring-boot-starter-test-3.3.1-SNAPSHOT.jar;C:\Users\lorparisi\.m2\repository\org\springframework\boot\spring-boot-test\3.3.1-SNAPSHOT\spring-boot-test-3.3.1-SNAPSHOT.jar;C:\Users\lorparisi\.m2\repository\org\springframework\boot\spring-boot-test-autoconfigure\3.3.1-SNAPSHOT\spring-boot-test-autoconfigure-3.3.1-SNAPSHOT.jar;C:\Users\lorparisi\.m2\repository\com\jayway\jsonpath\json-path\2.9.0\json-path-2.9.0.jar;C:\Users\lorparisi\.m2\repository\jakarta\xml\bind\jakarta.xml.bind-api\4.0.2\jakarta.xml.bind-api-4.0.2.jar;C:\Users\lorparisi\.m2\repository\jakarta\activation\jakarta.activation-api\2.1.3\jakarta.activation-api-2.1.3.jar;C:\Users\lorparisi\.m2\repository\net\minidev\json-smart\2.5.1\json-smart-2.5.1.jar;C:\Users\lorparisi\.m2\repository\net\minidev\accessors-smart\2.5.1\accessors-smart-2.5.1.jar;C:\Users\lorparisi\.m2\repository\org\ow2\asm\asm\9.6\asm-9.6.jar;C:\Users\lorparisi\.m2\repository\org\assertj\assertj-core\3.25.3\assertj-core-3.25.3.jar;C:\Users\lorparisi\.m2\repository\org\awaitility\awaitility\4.2.1\awaitility-4.2.1.jar;C:\Users\lorparisi\.m2\repository\org\hamcrest\hamcrest\2.2\hamcrest-2.2.jar;C:\Users\lorparisi\.m2\repository\org\junit\jupiter\junit-jupiter\5.10.2\junit-jupiter-5.10.2.jar;C:\Users\lorparisi\.m2\repository\org\junit\jupiter\junit-jupiter-api\5.10.2\junit-jupiter-api-5.10.2.jar;C:\Users\lorparisi\.m2\repository\org\opentest4j\opentest4j\1.3.0\opentest4j-1.3.0.jar;C:\Users\lorparisi\.m2\repository\org\junit\platform\junit-platform-commons\1.10.2\junit-platform-commons-1.10.2.jar;C:\Users\lorparisi\.m2\repository\org\apiguardian\apiguardian-api\1.1.2\apiguardian-api-1.1.2.jar;C:\Users\lorparisi\.m2\repository\org\junit\jupiter\junit-jupiter-params\5.10.2\junit-jupiter-params-5.10.2.jar;C:\Users\lorparisi\.m2\repository\org\junit\jupiter\junit-jupiter-engine\5.10.2\junit-jupiter-engine-5.10.2.jar;C:\Users\lorparisi\.m2\repository\org\junit\platform\junit-platform-engine\1.10.2\junit-platform-engine-1.10.2.jar;C:\Users\lorparisi\.m2\repository\org\mockito\mockito-core\5.11.0\mockito-core-5.11.0.jar;C:\Users\lorparisi\.m2\repository\net\bytebuddy\byte-buddy-agent\1.14.16\byte-buddy-agent-1.14.16.jar;C:\Users\lorparisi\.m2\repository\org\objenesis\objenesis\3.3\objenesis-3.3.jar;C:\Users\lorparisi\.m2\repository\org\mockito\mockito-junit-jupiter\5.11.0\mockito-junit-jupiter-5.11.0.jar;C:\Users\lorparisi\.m2\repository\org\skyscreamer\jsonassert\1.5.1\jsonassert-1.5.1.jar;C:\Users\lorparisi\.m2\repository\com\vaadin\external\google\android-json\0.0.20131108.vaadin1\android-json-0.0.20131108.vaadin1.jar;C:\Users\lorparisi\.m2\repository\org\springframework\spring-core\6.1.8\spring-core-6.1.8.jar;C:\Users\lorparisi\.m2\repository\org\springframework\spring-jcl\6.1.8\spring-jcl-6.1.8.jar;C:\Users\lorparisi\.m2\repository\org\springframework\spring-test\6.1.8\spring-test-6.1.8.jar;C:\Users\lorparisi\.m2\repository\org\xmlunit\xmlunit-core\2.9.1\xmlunit-core-2.9.1.jar;"/>
    <property name="sun.cpu.endian" value="little"/>
    <property name="user.home" value="C:\Users\lorparisi"/>
    <property name="user.language" value="it"/>
    <property name="java.specification.vendor" value="Oracle Corporation"/>
    <property name="java.version.date" value="2024-04-16"/>
    <property name="java.home" value="C:\Program Files\Java\jdk-21.0.3"/>
    <property name="file.separator" value="\"/>
    <property name="basedir" value="C:\Users\lorparisi\Desktop\ex_fabrik\demo"/>
    <property name="style.color" value="always"/>
    <property name="java.vm.compressedOopsMode" value="Zero based"/>
    <property name="line.separator" value="&#10;"/>
    <property name="java.vm.specification.vendor" value="Oracle Corporation"/>
    <property name="java.specification.name" value="Java Platform API Specification"/>
    <property name="FILE_LOG_CHARSET" value="UTF-8"/>
    <property name="java.awt.headless" value="true"/>
    <property name="surefire.real.class.path" value="C:\Users\lorparisi\AppData\Local\Temp\surefire5840711447210322064\surefirebooter-20240604223552600_3.jar"/>
    <property name="user.script" value=""/>
    <property name="sun.management.compiler" value="HotSpot 64-Bit Tiered Compilers"/>
    <property name="java.runtime.version" value="21.0.3+7-LTS-152"/>
    <property name="user.name" value="lorparisi"/>
    <property name="stdout.encoding" value="Cp1252"/>
    <property name="path.separator" value=";"/>
    <property name="os.version" value="10.0"/>
    <property name="java.runtime.name" value="Java(TM) SE Runtime Environment"/>
    <property name="file.encoding" value="UTF-8"/>
    <property name="java.vm.name" value="Java HotSpot(TM) 64-Bit Server VM"/>
    <property name="localRepository" value="C:\Users\lorparisi\.m2\repository"/>
    <property name="java.vendor.url.bug" value="https://bugreport.java.com/bugreport/"/>
    <property name="java.io.tmpdir" value="C:\Users\LORPAR~1\AppData\Local\Temp\"/>
    <property name="com.zaxxer.hikari.pool_number" value="1"/>
    <property name="java.version" value="21.0.3"/>
    <property name="user.dir" value="C:\Users\lorparisi\Desktop\ex_fabrik\demo"/>
    <property name="os.arch" value="amd64"/>
    <property name="java.vm.specification.name" value="Java Virtual Machine Specification"/>
    <property name="PID" value="38024"/>
    <property name="sun.os.patch.level" value=""/>
    <property name="CONSOLE_LOG_CHARSET" value="UTF-8"/>
    <property name="native.encoding" value="Cp1252"/>
    <property name="java.library.path" value="C:\Program Files\Java\jdk-21.0.3\bin;C:\windows\Sun\Java\bin;C:\windows\system32;C:\windows;C:/Users/lorparisi/Downloads/sts-4.22.1.RELEASE//plugins/org.eclipse.justj.openjdk.hotspot.jre.full.win32.x86_64_17.0.11.v20240426-1830/jre/bin/server;C:/Users/lorparisi/Downloads/sts-4.22.1.RELEASE//plugins/org.eclipse.justj.openjdk.hotspot.jre.full.win32.x86_64_17.0.11.v20240426-1830/jre/bin;C:\Program Files\Common Files\Oracle\Java\javapath;C:\Program Files (x86)\Common Files\Oracle\Java\javapath;C:\windows\system32;C:\windows;C:\windows\System32\Wbem;C:\windows\System32\WindowsPowerShell\v1.0\;C:\windows\System32\OpenSSH\;C:\Program Files (x86)\Micro Focus\Dimensions 14.5\CM\prog;C:\Program Files (x86)\Micro Focus\Dimensions 14.5\CM\prog64\;C:\Users\lorparisi\AppData\Roaming\nvm;C:\Program Files\nodejs;C:\Program Files\Java\openlogic-openjdk-8u272-b10-windows-64\bin;C:\Program Files\Git\cmd;C:\Users\lorparisi\AppData\Local\Microsoft\WindowsApps;C:\Program Files\Java\openlogic-openjdk-8u272-b10-windows-64\bin;C:\Program Files\JetBrains\IntelliJ IDEA 2022.1.3\bin;C:\Users\lorparisi\AppData\Roaming\nvm;C:\Program Files\nodejs;C:\Program Files\apache-maven\apache-maven-3.8.5\bin;;C:\Users\lorparisi\Downloads\sts-4.22.1.RELEASE;;."/>
    <property name="java.vm.info" value="mixed mode, sharing"/>
    <property name="stderr.encoding" value="Cp1252"/>
    <property name="java.vendor" value="Oracle Corporation"/>
    <property name="java.vm.version" value="21.0.3+7-LTS-152"/>
    <property name="sun.io.unicode.encoding" value="UnicodeLittle"/>
    <property name="java.class.version" value="65.0"/>
    <property name="LOGGED_APPLICATION_NAME" value="[demo] "/>
  </properties>
  <testcase name="testGetClosestStation" classname="com.fabrick.demo.test.ApplicationTests" time="0.855">
    <system-out><![CDATA[22:35:59.657 [main] INFO org.springframework.test.context.support.AnnotationConfigContextLoaderUtils -- Could not detect default configuration classes for test class [com.fabrick.demo.test.ApplicationTests]: ApplicationTests does not declare any static, non-private, non-final, nested classes annotated with @Configuration.
22:35:59.904 [main] INFO org.springframework.boot.test.context.SpringBootTestContextBootstrapper -- Found @SpringBootConfiguration com.fabrick.demo.DemoApplication for test class com.fabrick.demo.test.ApplicationTests

  .   ____          _            __ _ _
 /\\ / ___'_ __ _ _(_)_ __  __ _ \ \ \ \
( ( )\___ | '_ | '_| | '_ \/ _` | \ \ \ \
 \\/  ___)| |_)| | | | | || (_| |  ) ) ) )
  '  |____| .__|_| |_|_| |_\__, | / / / /
 =========|_|==============|___/=/_/_/_/

 :: Spring Boot ::       (v3.3.1-SNAPSHOT)

2024-06-04T22:36:00.805+02:00  INFO 38024 --- [demo] [           main] com.fabrick.demo.test.ApplicationTests   : Starting ApplicationTests using Java 21.0.3 with PID 38024 (started by lorparisi in C:\Users\lorparisi\Desktop\ex_fabrik\demo)
2024-06-04T22:36:00.808+02:00  INFO 38024 --- [demo] [           main] com.fabrick.demo.test.ApplicationTests   : No active profile set, falling back to 1 default profile: "default"
2024-06-04T22:36:02.523+02:00  INFO 38024 --- [demo] [           main] .s.d.r.c.RepositoryConfigurationDelegate : Multiple Spring Data modules found, entering strict repository configuration mode
2024-06-04T22:36:02.526+02:00  INFO 38024 --- [demo] [           main] .s.d.r.c.RepositoryConfigurationDelegate : Bootstrapping Spring Data JDBC repositories in DEFAULT mode.
2024-06-04T22:36:02.600+02:00  INFO 38024 --- [demo] [           main] .RepositoryConfigurationExtensionSupport : Spring Data JDBC - Could not safely identify store assignment for repository candidate interface com.fabrick.demo.repository.AirportRepository; If you want this repository to be a JDBC repository, consider annotating your entities with one of these annotations: org.springframework.data.relational.core.mapping.Table.
2024-06-04T22:36:02.606+02:00  INFO 38024 --- [demo] [           main] .RepositoryConfigurationExtensionSupport : Spring Data JDBC - Could not safely identify store assignment for repository candidate interface com.fabrick.demo.repository.CloseApproachRepository; If you want this repository to be a JDBC repository, consider annotating your entities with one of these annotations: org.springframework.data.relational.core.mapping.Table.
2024-06-04T22:36:02.607+02:00  INFO 38024 --- [demo] [           main] .RepositoryConfigurationExtensionSupport : Spring Data JDBC - Could not safely identify store assignment for repository candidate interface com.fabrick.demo.repository.StationRepository; If you want this repository to be a JDBC repository, consider annotating your entities with one of these annotations: org.springframework.data.relational.core.mapping.Table.
2024-06-04T22:36:02.608+02:00  INFO 38024 --- [demo] [           main] .s.d.r.c.RepositoryConfigurationDelegate : Finished Spring Data repository scanning in 72 ms. Found 0 JDBC repository interfaces.
2024-06-04T22:36:02.631+02:00  INFO 38024 --- [demo] [           main] .s.d.r.c.RepositoryConfigurationDelegate : Multiple Spring Data modules found, entering strict repository configuration mode
2024-06-04T22:36:02.632+02:00  INFO 38024 --- [demo] [           main] .s.d.r.c.RepositoryConfigurationDelegate : Bootstrapping Spring Data JPA repositories in DEFAULT mode.
2024-06-04T22:36:02.691+02:00  INFO 38024 --- [demo] [           main] .s.d.r.c.RepositoryConfigurationDelegate : Finished Spring Data repository scanning in 49 ms. Found 3 JPA repository interfaces.
2024-06-04T22:36:03.758+02:00  INFO 38024 --- [demo] [           main] com.zaxxer.hikari.HikariDataSource       : HikariPool-1 - Starting...
2024-06-04T22:36:04.492+02:00  INFO 38024 --- [demo] [           main] com.zaxxer.hikari.pool.HikariPool        : HikariPool-1 - Added connection conn0: url=jdbc:h2:mem:demo user=SA
2024-06-04T22:36:04.498+02:00  INFO 38024 --- [demo] [           main] com.zaxxer.hikari.HikariDataSource       : HikariPool-1 - Start completed.
2024-06-04T22:36:04.916+02:00  INFO 38024 --- [demo] [           main] o.hibernate.jpa.internal.util.LogHelper  : HHH000204: Processing PersistenceUnitInfo [name: default]
2024-06-04T22:36:05.106+02:00  INFO 38024 --- [demo] [           main] org.hibernate.Version                    : HHH000412: Hibernate ORM core version 6.5.2.Final
2024-06-04T22:36:05.208+02:00  INFO 38024 --- [demo] [           main] o.h.c.internal.RegionFactoryInitiator    : HHH000026: Second-level cache disabled
2024-06-04T22:36:05.591+02:00  INFO 38024 --- [demo] [           main] o.s.o.j.p.SpringPersistenceUnitInfo      : No LoadTimeWeaver setup: ignoring JPA class transformer
2024-06-04T22:36:05.722+02:00  WARN 38024 --- [demo] [           main] org.hibernate.orm.deprecation            : HHH90000025: H2Dialect does not need to be specified explicitly using 'hibernate.dialect' (remove the property setting and it will be selected by default)
2024-06-04T22:36:07.573+02:00  INFO 38024 --- [demo] [           main] o.h.e.t.j.p.i.JtaPlatformInitiator       : HHH000489: No JTA platform available (set 'hibernate.transaction.jta.platform' to enable JTA platform integration)
2024-06-04T22:36:07.579+02:00  INFO 38024 --- [demo] [           main] j.LocalContainerEntityManagerFactoryBean : Initialized JPA EntityManagerFactory for persistence unit 'default'
2024-06-04T22:36:08.696+02:00  WARN 38024 --- [demo] [           main] JpaBaseConfiguration$JpaWebConfiguration : spring.jpa.open-in-view is enabled by default. Therefore, database queries may be performed during view rendering. Explicitly configure spring.jpa.open-in-view to disable this warning
2024-06-04T22:36:10.431+02:00  INFO 38024 --- [demo] [           main] o.s.b.a.h2.H2ConsoleAutoConfiguration    : H2 console available at '/h2-console'. Database available at 'jdbc:h2:mem:demo'
2024-06-04T22:36:10.532+02:00  INFO 38024 --- [demo] [           main] o.s.b.t.m.w.SpringBootMockServletContext : Initializing Spring TestDispatcherServlet ''
2024-06-04T22:36:10.534+02:00  INFO 38024 --- [demo] [           main] o.s.t.web.servlet.TestDispatcherServlet  : Initializing Servlet ''
2024-06-04T22:36:10.547+02:00  INFO 38024 --- [demo] [           main] o.s.t.web.servlet.TestDispatcherServlet  : Completed initialization in 6 ms
2024-06-04T22:36:10.597+02:00  INFO 38024 --- [demo] [           main] com.fabrick.demo.test.ApplicationTests   : Started ApplicationTests in 10.371 seconds (process running for 17.009)
Hibernate: select s1_0.id,s1_0.country,s1_0.elevation,s1_0.latitude,s1_0.longitude,s1_0.name,s1_0.state from stations s1_0 where s1_0.id=?
Hibernate: select s1_0.id,s1_0.country,s1_0.elevation,s1_0.latitude,s1_0.longitude,s1_0.name,s1_0.state from stations s1_0 where s1_0.latitude>=? and s1_0.latitude<=? and s1_0.longitude>=? and s1_0.longitude<=?
]]></system-out>
  </testcase>
  <testcase name="testGetClosestAirport" classname="com.fabrick.demo.test.ApplicationTests" time="0.033">
    <system-out><![CDATA[Hibernate: select a1_0.id,a1_0.country,a1_0.elevation,a1_0.iata,a1_0.latitude,a1_0.longitude,a1_0.name,a1_0.state from airports a1_0 where a1_0.id=?
Hibernate: select a1_0.id,a1_0.country,a1_0.elevation,a1_0.iata,a1_0.latitude,a1_0.longitude,a1_0.name,a1_0.state from airports a1_0 where a1_0.latitude>=? and a1_0.latitude<=? and a1_0.longitude>=? and a1_0.longitude<=?
]]></system-out>
  </testcase>
  <testcase name="testGetClosestApproaches" classname="com.fabrick.demo.test.ApplicationTests" time="0.088">
    <system-out><![CDATA[Hibernate: select ca1_0.id,ca1_0.asteroid_id,ca1_0.close_approach_date,ca1_0.orbiting_body from close_approach ca1_0 where ca1_0.asteroid_id=? and ca1_0.close_approach_date>=? order by ca1_0.close_approach_date
Hibernate: select ca1_0.id,ca1_0.asteroid_id,ca1_0.close_approach_date,ca1_0.orbiting_body from close_approach ca1_0 where ca1_0.asteroid_id=? and ca1_0.close_approach_date>=? and ca1_0.orbiting_body<>? order by ca1_0.close_approach_date
Hibernate: select ca1_0.id,ca1_0.asteroid_id,ca1_0.close_approach_date,ca1_0.orbiting_body from close_approach ca1_0 where ca1_0.asteroid_id=? and ca1_0.close_approach_date>=? and ca1_0.orbiting_body<>? order by ca1_0.close_approach_date
]]></system-out>
  </testcase>
</testsuite>